[ 08-09-30 10:58:25 ]

错误信息：[ BanJJ Index show ]非法操作show
错误页面：/banjj/index.php
错误类型：ThinkException
错误跟踪：
[08-09-30 10:58:09]  () Action->__call(非法操作show)
[08-09-30 10:58:09] E:\Web\banjj\Temp\~runtime.php (9) IndexAction->show(show, Array)
[08-09-30 10:58:09] E:\Web\banjj\Temp\~runtime.php (9) App->exec()
[08-09-30 10:58:09] E:\Web\banjj\index.php (13) App->run()

[ 08-09-30 10:58:46 ]

错误信息：[ BanJJ Index show ]非法操作show
错误页面：/banjj/index.php
错误类型：ThinkException
错误跟踪：
[08-09-30 10:58:09]  () Action->__call(非法操作show)
[08-09-30 10:58:09] E:\Web\banjj\Temp\~runtime.php (9) IndexAction->show(show, Array)
[08-09-30 10:58:09] E:\Web\banjj\Temp\~runtime.php (9) App->exec()
[08-09-30 10:58:09] E:\Web\banjj\index.php (13) App->run()

[ 08-09-30 10:59:15 ]

错误信息：[ BanJJ Index show ]非法操作show
错误页面：/banjj/index.php
错误类型：ThinkException
错误跟踪：
[08-09-30 10:59:09]  () Action->__call(非法操作show)
[08-09-30 10:59:09] E:\Web\banjj\Temp\~runtime.php (9) IndexAction->show(show, Array)
[08-09-30 10:59:09] E:\Web\banjj\Temp\~runtime.php (9) App->exec()
[08-09-30 10:59:09] E:\Web\banjj\index.php (13) App->run()

[ 08-09-30 11:01:36 ]

错误信息：[ BanJJ Index show ]非法操作show
错误页面：/banjj/index.php
错误类型：ThinkException
错误跟踪：
[08-09-30 11:01:09]  () Action->__call(非法操作show)
[08-09-30 11:01:09] E:\Web\banjj\Temp\~runtime.php (9) IndexAction->show(show, Array)
[08-09-30 11:01:09] E:\Web\banjj\Temp\~runtime.php (9) App->exec()
[08-09-30 11:01:09] E:\Web\banjj\index.php (13) App->run()

[ 08-09-30 11:01:37 ]

错误信息：[ BanJJ Index show ]非法操作show
错误页面：/banjj/index.php
错误类型：ThinkException
错误跟踪：
[08-09-30 11:01:09]  () Action->__call(非法操作show)
[08-09-30 11:01:09] E:\Web\banjj\Temp\~runtime.php (9) IndexAction->show(show, Array)
[08-09-30 11:01:09] E:\Web\banjj\Temp\~runtime.php (9) App->exec()
[08-09-30 11:01:09] E:\Web\banjj\index.php (13) App->run()

[ 08-09-30 11:02:26 ]

错误信息：[ BanJJ index show ]非法操作show
错误页面：/banjj/index.php/index/show
错误类型：ThinkException
错误跟踪：
[08-09-30 11:02:09]  () Action->__call(非法操作show)
[08-09-30 11:02:09] E:\Web\banjj\Temp\~runtime.php (9) IndexAction->show(show, Array)
[08-09-30 11:02:09] E:\Web\banjj\Temp\~runtime.php (9) App->exec()
[08-09-30 11:02:09] E:\Web\banjj\index.php (13) App->run()

[ 08-09-30 11:05:50 ]

错误信息：[ BanJJ index inedx ]非法操作inedx
错误页面：/banjj/index.php/index/inedx
错误类型：ThinkException
错误跟踪：
[08-09-30 11:05:09]  () Action->__call(非法操作inedx)
[08-09-30 11:05:09] E:\Web\banjj\Temp\~runtime.php (9) IndexAction->inedx(inedx, Array)
[08-09-30 11:05:09] E:\Web\banjj\Temp\~runtime.php (9) App->exec()
[08-09-30 11:05:09] E:\Web\banjj\index.php (13) App->run()

[ 08-09-30 11:05:52 ]

错误信息：[ BanJJ index inedx ]非法操作inedx
错误页面：/banjj/index.php/index/inedx
错误类型：ThinkException
错误跟踪：
[08-09-30 11:05:09]  () Action->__call(非法操作inedx)
[08-09-30 11:05:09] E:\Web\banjj\Temp\~runtime.php (9) IndexAction->inedx(inedx, Array)
[08-09-30 11:05:09] E:\Web\banjj\Temp\~runtime.php (9) App->exec()
[08-09-30 11:05:09] E:\Web\banjj\index.php (13) App->run()

[ 08-09-30 11:47:25 ]

错误信息：[ BanJJ index index ]Access denied for user 'ODBC'@'localhost' (using password: NO)
错误页面：/banjj/index.php/index/index/
错误类型：ThinkException
错误跟踪：
[08-09-30 11:47:09] E:\Web\ThinkPHP\ThinkPHP\Lib\Think\Db\Db.class.php (274) DbMysql->connect(Access denied for user 'ODBC'@'localhost' (using password: NO))
[08-09-30 11:47:09] E:\Web\ThinkPHP\ThinkPHP\Lib\Think\Db\Driver\DbMysql.class.php (106) Db->initConnect()
[08-09-30 11:47:09] E:\Web\ThinkPHP\ThinkPHP\Lib\Think\Db\Driver\DbMysql.class.php (335) DbMysql->_query()
[08-09-30 11:47:09] E:\Web\banjj\Temp\~runtime.php (9) DbMysql->getFields(SHOW COLUMNS FROM banjj_blog)
[08-09-30 11:47:09] E:\Web\banjj\Temp\~runtime.php (9) Model->flush(banjj_blog)
[08-09-30 11:47:09] E:\Web\banjj\Temp\~runtime.php (9) Model->_checkTableInfo()
[08-09-30 11:47:09] E:\Web\banjj\Lib\Action\IndexAction.class.php (6) Model->__construct()
[08-09-30 11:47:09] E:\Web\banjj\Temp\~runtime.php (9) IndexAction->index()
[08-09-30 11:47:09] E:\Web\banjj\Temp\~runtime.php (9) App->exec()
[08-09-30 11:47:09] E:\Web\banjj\index.php (13) App->run()

[ 08-09-30 11:47:40 ]

错误信息：[ BanJJ index index ]Access denied for user 'ODBC'@'localhost' (using password: YES)
错误页面：/banjj/index.php/index/index/
错误类型：ThinkException
错误跟踪：
[08-09-30 11:47:09] E:\Web\ThinkPHP\ThinkPHP\Lib\Think\Db\Db.class.php (274) DbMysql->connect(Access denied for user 'ODBC'@'localhost' (using password: YES))
[08-09-30 11:47:09] E:\Web\ThinkPHP\ThinkPHP\Lib\Think\Db\Driver\DbMysql.class.php (106) Db->initConnect()
[08-09-30 11:47:09] E:\Web\ThinkPHP\ThinkPHP\Lib\Think\Db\Driver\DbMysql.class.php (335) DbMysql->_query()
[08-09-30 11:47:09] E:\Web\banjj\Temp\~runtime.php (9) DbMysql->getFields(SHOW COLUMNS FROM banjj_blog)
[08-09-30 11:47:09] E:\Web\banjj\Temp\~runtime.php (9) Model->flush(banjj_blog)
[08-09-30 11:47:09] E:\Web\banjj\Temp\~runtime.php (9) Model->_checkTableInfo()
[08-09-30 11:47:09] E:\Web\banjj\Lib\Action\IndexAction.class.php (6) Model->__construct()
[08-09-30 11:47:09] E:\Web\banjj\Temp\~runtime.php (9) IndexAction->index()
[08-09-30 11:47:09] E:\Web\banjj\Temp\~runtime.php (9) App->exec()
[08-09-30 11:47:09] E:\Web\banjj\index.php (13) App->run()

[ 08-09-30 11:47:48 ]

错误信息：[ BanJJ index index ]Access denied for user 'ODBC'@'localhost' (using password: NO)
错误页面：/banjj/index.php/index/index/
错误类型：ThinkException
错误跟踪：
[08-09-30 11:47:09] E:\Web\ThinkPHP\ThinkPHP\Lib\Think\Db\Db.class.php (274) DbMysql->connect(Access denied for user 'ODBC'@'localhost' (using password: NO))
[08-09-30 11:47:09] E:\Web\ThinkPHP\ThinkPHP\Lib\Think\Db\Driver\DbMysql.class.php (106) Db->initConnect()
[08-09-30 11:47:09] E:\Web\ThinkPHP\ThinkPHP\Lib\Think\Db\Driver\DbMysql.class.php (335) DbMysql->_query()
[08-09-30 11:47:09] E:\Web\banjj\Temp\~runtime.php (9) DbMysql->getFields(SHOW COLUMNS FROM banjj_blog)
[08-09-30 11:47:09] E:\Web\banjj\Temp\~runtime.php (9) Model->flush(banjj_blog)
[08-09-30 11:47:09] E:\Web\banjj\Temp\~runtime.php (9) Model->_checkTableInfo()
[08-09-30 11:47:09] E:\Web\banjj\Lib\Action\IndexAction.class.php (6) Model->__construct()
[08-09-30 11:47:09] E:\Web\banjj\Temp\~runtime.php (9) IndexAction->index()
[08-09-30 11:47:09] E:\Web\banjj\Temp\~runtime.php (9) App->exec()
[08-09-30 11:47:09] E:\Web\banjj\index.php (13) App->run()

[ 08-09-30 11:48:00 ]

错误信息：[ BanJJ index index ]Access denied for user 'ODBC'@'localhost' (using password: NO)
错误页面：/banjj/index.php/index/index/
错误类型：ThinkException
错误跟踪：
[08-09-30 11:48:09] E:\Web\ThinkPHP\ThinkPHP\Lib\Think\Db\Db.class.php (274) DbMysql->connect(Access denied for user 'ODBC'@'localhost' (using password: NO))
[08-09-30 11:48:09] E:\Web\ThinkPHP\ThinkPHP\Lib\Think\Db\Driver\DbMysql.class.php (106) Db->initConnect()
[08-09-30 11:48:09] E:\Web\ThinkPHP\ThinkPHP\Lib\Think\Db\Driver\DbMysql.class.php (335) DbMysql->_query()
[08-09-30 11:48:09] E:\Web\banjj\Temp\~runtime.php (9) DbMysql->getFields(SHOW COLUMNS FROM banjj_blog)
[08-09-30 11:48:09] E:\Web\banjj\Temp\~runtime.php (9) Model->flush(banjj_blog)
[08-09-30 11:48:09] E:\Web\banjj\Temp\~runtime.php (9) Model->_checkTableInfo()
[08-09-30 11:48:09] E:\Web\banjj\Lib\Action\IndexAction.class.php (6) Model->__construct()
[08-09-30 11:48:09] E:\Web\banjj\Temp\~runtime.php (9) IndexAction->index()
[08-09-30 11:48:09] E:\Web\banjj\Temp\~runtime.php (9) App->exec()
[08-09-30 11:48:09] E:\Web\banjj\index.php (13) App->run()

[ 08-09-30 11:48:01 ]

错误信息：[ BanJJ index index ]Access denied for user 'ODBC'@'localhost' (using password: NO)
错误页面：/banjj/index.php/index/index/
错误类型：ThinkException
错误跟踪：
[08-09-30 11:48:09] E:\Web\ThinkPHP\ThinkPHP\Lib\Think\Db\Db.class.php (274) DbMysql->connect(Access denied for user 'ODBC'@'localhost' (using password: NO))
[08-09-30 11:48:09] E:\Web\ThinkPHP\ThinkPHP\Lib\Think\Db\Driver\DbMysql.class.php (106) Db->initConnect()
[08-09-30 11:48:09] E:\Web\ThinkPHP\ThinkPHP\Lib\Think\Db\Driver\DbMysql.class.php (335) DbMysql->_query()
[08-09-30 11:48:09] E:\Web\banjj\Temp\~runtime.php (9) DbMysql->getFields(SHOW COLUMNS FROM banjj_blog)
[08-09-30 11:48:09] E:\Web\banjj\Temp\~runtime.php (9) Model->flush(banjj_blog)
[08-09-30 11:48:09] E:\Web\banjj\Temp\~runtime.php (9) Model->_checkTableInfo()
[08-09-30 11:48:09] E:\Web\banjj\Lib\Action\IndexAction.class.php (6) Model->__construct()
[08-09-30 11:48:09] E:\Web\banjj\Temp\~runtime.php (9) IndexAction->index()
[08-09-30 11:48:09] E:\Web\banjj\Temp\~runtime.php (9) App->exec()
[08-09-30 11:48:09] E:\Web\banjj\index.php (13) App->run()

[ 08-09-30 11:48:02 ]

错误信息：[ BanJJ index index ]Access denied for user 'ODBC'@'localhost' (using password: NO)
错误页面：/banjj/index.php/index/index/
错误类型：ThinkException
错误跟踪：
[08-09-30 11:48:09] E:\Web\ThinkPHP\ThinkPHP\Lib\Think\Db\Db.class.php (274) DbMysql->connect(Access denied for user 'ODBC'@'localhost' (using password: NO))
[08-09-30 11:48:09] E:\Web\ThinkPHP\ThinkPHP\Lib\Think\Db\Driver\DbMysql.class.php (106) Db->initConnect()
[08-09-30 11:48:09] E:\Web\ThinkPHP\ThinkPHP\Lib\Think\Db\Driver\DbMysql.class.php (335) DbMysql->_query()
[08-09-30 11:48:09] E:\Web\banjj\Temp\~runtime.php (9) DbMysql->getFields(SHOW COLUMNS FROM banjj_blog)
[08-09-30 11:48:09] E:\Web\banjj\Temp\~runtime.php (9) Model->flush(banjj_blog)
[08-09-30 11:48:09] E:\Web\banjj\Temp\~runtime.php (9) Model->_checkTableInfo()
[08-09-30 11:48:09] E:\Web\banjj\Lib\Action\IndexAction.class.php (6) Model->__construct()
[08-09-30 11:48:09] E:\Web\banjj\Temp\~runtime.php (9) IndexAction->index()
[08-09-30 11:48:09] E:\Web\banjj\Temp\~runtime.php (9) App->exec()
[08-09-30 11:48:09] E:\Web\banjj\index.php (13) App->run()

[ 08-09-30 11:56:37 ]

错误信息：[ BanJJ index index ]模板不存在
错误页面：/banjj/index.php/index/index/
错误类型：ThinkException
错误跟踪：
[08-09-30 11:56:09] E:\Web\banjj\Temp\~runtime.php (9) View->fetch(模板不存在)
[08-09-30 11:56:09] E:\Web\banjj\Temp\~runtime.php (9) View->display(, , text/html, , 1)
[08-09-30 11:56:09] E:\Web\banjj\Lib\Action\IndexAction.class.php (10) Action->display(, , text/html, )
[08-09-30 11:56:09] E:\Web\banjj\Temp\~runtime.php (9) IndexAction->index()
[08-09-30 11:56:09] E:\Web\banjj\Temp\~runtime.php (9) App->exec()
[08-09-30 11:56:09] E:\Web\banjj\index.php (13) App->run()

[ 08-09-30 17:45:43 ]

错误信息：[ BanJJ Model index ]无法加载模块Model
错误页面：/Banjj/index.php/Model
错误类型：ThinkException
错误跟踪：
[08-09-30 17:45:09] E:\Web\banjj\Temp\~runtime.php (2347) App->exec(无法加载模块Model)
[08-09-30 17:45:09] E:\Web\banjj\index.php (14) App->run()

[ 08-09-30 17:45:49 ]

错误信息：[ BanJJ Model index ]无法加载模块Model
错误页面：/Banjj/index.php/Model
错误类型：ThinkException
错误跟踪：
[08-09-30 17:45:09] E:\Web\banjj\Temp\~runtime.php (2347) App->exec(无法加载模块Model)
[08-09-30 17:45:09] E:\Web\banjj\index.php (14) App->run()

[ 08-09-30 17:46:02 ]

错误信息：[ BanJJ Model index ]无法加载模块Model
错误页面：/Banjj/index.php/Model
错误类型：ThinkException
错误跟踪：
[08-09-30 17:46:09] E:\Web\banjj\Temp\~runtime.php (2347) App->exec(无法加载模块Model)
[08-09-30 17:46:09] E:\Web\banjj\index.php (14) App->run()

[ 08-09-30 17:46:13 ]

错误信息：[ BanJJ Model show ]无法加载模块Model
错误页面：/Banjj/index.php/Model/show
错误类型：ThinkException
错误跟踪：
[08-09-30 17:46:09] E:\Web\banjj\Temp\~runtime.php (2347) App->exec(无法加载模块Model)
[08-09-30 17:46:09] E:\Web\banjj\index.php (14) App->run()

[ 08-09-30 17:46:40 ]

错误信息：[ BanJJ Model Index ]无法加载模块Model
错误页面：/Banjj/index.php/Model/Index
错误类型：ThinkException
错误跟踪：
[08-09-30 17:46:09] E:\Web\banjj\Temp\~runtime.php (2347) App->exec(无法加载模块Model)
[08-09-30 17:46:09] E:\Web\banjj\index.php (14) App->run()

[ 08-09-30 17:47:38 ]

错误信息：[ BanJJ Model Index ]无法加载模块Model
错误页面：/Banjj/index.php/Model/Index
错误类型：ThinkException
错误跟踪：
[08-09-30 17:47:09] E:\Web\banjj\Temp\~runtime.php (2347) App->exec(无法加载模块Model)
[08-09-30 17:47:09] E:\Web\banjj\index.php (14) App->run()

